[2025-02-26 15:15:45] New application received for org_id: N/A, Student: testing (2023133013)
[2025-02-26 15:20:50] New application received for org_id: 2, Student: testing (2023133013)
[2025-02-26 15:20:50] Application submitted successfully for testing (2023133013)
[2025-02-26 15:21:33] New application received for org_id: 2, Student: testing (2023133013)
[2025-02-26 15:21:33] Application submitted successfully for testing (2023133013)
[2025-02-26 15:24:01] New application received for org_id: 2, Student: testing (2023133013)
[2025-02-26 15:24:01] Application submitted successfully for testing (2023133013)
[2025-02-26 15:25:03] New application received for org_id: 2, Student: testing (2023133013)
[2025-02-26 15:25:03] Application submitted successfully for testing (2023133013)
[2025-02-26 15:30:35] New application received for org_id: 1, Student: testing (2023133013)
[2025-02-26 15:30:35] Application submitted successfully for testing (2023133013)
[2025-02-26 15:38:41] New application received for org_id: 2, Student: testing (2023133013)
[2025-02-26 15:38:41] Application submitted successfully for testing (2023133013)
[2025-02-26 18:00:56] Unauthorized access attempt - No session email found
[2025-02-26 18:02:28] Unauthorized access attempt - No session email found
[2025-02-26 18:03:03] Unauthorized access attempt - No session email found
[2025-02-26 18:03:32] Unauthorized access attempt - No session email found
[2025-02-26 18:05:12] Unauthorized access attempt - No session email found
[2025-02-26 18:06:57] New application received for org_id: 1, Student: testing (Student ID: 2023133013)
[2025-02-26 18:06:57] Application submitted successfully for testing (Student ID: 2023133013)
[2025-02-26 19:30:34] Unauthorized access attempt - No session email found
[2025-02-27 00:39:34] New application received for org_id: 6, Student: testing (Student ID: 2023133013)
[2025-02-27 00:39:34] Application submitted successfully for testing (Student ID: 2023133013)
[2025-02-27 08:19:53] New application received for org_id: 6, Student: nazhmitcharo (Student ID: 2023133014)
[2025-02-27 08:19:53] Application submitted successfully for nazhmitcharo (Student ID: 2023133014)
